<?xml version="1.0" encoding="UTF-8"?>
<testng-results ignored="0" total="6" passed="6" failed="0" skipped="0">
  <reporter-output>
  </reporter-output>
  <suite started-at="2025-02-14T19:40:33 IST" name="Suite" finished-at="2025-02-14T19:41:05 IST" duration-ms="31494">
    <groups>
      <group name="cucumber">
        <method signature="AbstractTestNGCucumberTests.runScenario(io.cucumber.testng.PickleWrapper,io.cucumber.testng.FeatureWrapper)[pri:0, instance:runner.RunnerTest1@3349e9bb]" name="runScenario" class="io.cucumber.testng.AbstractTestNGCucumberTests"/>
        <method signature="AbstractTestNGCucumberTests.runScenario(io.cucumber.testng.PickleWrapper,io.cucumber.testng.FeatureWrapper)[pri:0, instance:runner.RunnerTest2@18078bef]" name="runScenario" class="io.cucumber.testng.AbstractTestNGCucumberTests"/>
      </group> <!-- cucumber -->
    </groups>
    <test started-at="2025-02-14T19:40:33 IST" name="Test" finished-at="2025-02-14T19:41:05 IST" duration-ms="31494">
      <class name="runner.RunnerTest2">
        <test-method is-config="true" signature="setUpClass(org.testng.ITestContext)[pri:0, instance:runner.RunnerTest2@18078bef]" started-at="2025-02-14T19:40:33 IST" name="setUpClass" finished-at="2025-02-14T19:40:34 IST" duration-ms="301" status="PASS">
          <params>
            <param index="0">
              <value>
                <![CDATA[org.testng.TestRunner@31f9b85e]]>
              </value>
            </param>
          </params>
          <reporter-output>
          </reporter-output>
        </test-method> <!-- setUpClass -->
        <test-method signature="runScenario(io.cucumber.testng.PickleWrapper,io.cucumber.testng.FeatureWrapper)[pri:0, instance:runner.RunnerTest2@18078bef]" started-at="2025-02-14T19:40:34 IST" name="runScenario" description="Runs Cucumber Scenarios" data-provider="scenarios" finished-at="2025-02-14T19:40:47 IST" duration-ms="13895" status="PASS">
          <params>
            <param index="0">
              <value>
                <![CDATA["validate login page functionality"]]>
              </value>
            </param>
            <param index="1">
              <value>
                <![CDATA["Test End to End Deals Page functionality"]]>
              </value>
            </param>
          </params>
          <reporter-output>
          </reporter-output>
        </test-method> <!-- runScenario -->
        <test-method signature="runScenario(io.cucumber.testng.PickleWrapper,io.cucumber.testng.FeatureWrapper)[pri:0, instance:runner.RunnerTest2@18078bef]" started-at="2025-02-14T19:40:47 IST" name="runScenario" description="Runs Cucumber Scenarios" data-provider="scenarios" finished-at="2025-02-14T19:40:53 IST" duration-ms="5145" status="PASS">
          <params>
            <param index="0">
              <value>
                <![CDATA["validate home page functionality"]]>
              </value>
            </param>
            <param index="1">
              <value>
                <![CDATA["Test End to End Deals Page functionality"]]>
              </value>
            </param>
          </params>
          <reporter-output>
          </reporter-output>
        </test-method> <!-- runScenario -->
        <test-method signature="runScenario(io.cucumber.testng.PickleWrapper,io.cucumber.testng.FeatureWrapper)[pri:0, instance:runner.RunnerTest2@18078bef]" started-at="2025-02-14T19:40:53 IST" name="runScenario" description="Runs Cucumber Scenarios" data-provider="scenarios" finished-at="2025-02-14T19:41:04 IST" duration-ms="11436" status="PASS">
          <params>
            <param index="0">
              <value>
                <![CDATA["validate deals page create functionality"]]>
              </value>
            </param>
            <param index="1">
              <value>
                <![CDATA["Test End to End Deals Page functionality"]]>
              </value>
            </param>
          </params>
          <reporter-output>
          </reporter-output>
        </test-method> <!-- runScenario -->
        <test-method is-config="true" signature="tearDownClass()[pri:0, instance:runner.RunnerTest2@18078bef]" started-at="2025-02-14T19:41:04 IST" name="tearDownClass" finished-at="2025-02-14T19:41:05 IST" duration-ms="628" status="PASS">
          <reporter-output>
          </reporter-output>
        </test-method> <!-- tearDownClass -->
      </class> <!-- runner.RunnerTest2 -->
      <class name="runner.RunnerTest1">
        <test-method is-config="true" signature="setUpClass(org.testng.ITestContext)[pri:0, instance:runner.RunnerTest1@3349e9bb]" started-at="2025-02-14T19:40:33 IST" name="setUpClass" finished-at="2025-02-14T19:40:34 IST" duration-ms="301" status="PASS">
          <params>
            <param index="0">
              <value>
                <![CDATA[org.testng.TestRunner@31f9b85e]]>
              </value>
            </param>
          </params>
          <reporter-output>
          </reporter-output>
        </test-method> <!-- setUpClass -->
        <test-method signature="runScenario(io.cucumber.testng.PickleWrapper,io.cucumber.testng.FeatureWrapper)[pri:0, instance:runner.RunnerTest1@3349e9bb]" started-at="2025-02-14T19:40:34 IST" name="runScenario" description="Runs Cucumber Scenarios" data-provider="scenarios" finished-at="2025-02-14T19:40:46 IST" duration-ms="12585" status="PASS">
          <params>
            <param index="0">
              <value>
                <![CDATA["validate login page functionality"]]>
              </value>
            </param>
            <param index="1">
              <value>
                <![CDATA["Test End to End Contact Page functionality"]]>
              </value>
            </param>
          </params>
          <reporter-output>
          </reporter-output>
        </test-method> <!-- runScenario -->
        <test-method signature="runScenario(io.cucumber.testng.PickleWrapper,io.cucumber.testng.FeatureWrapper)[pri:0, instance:runner.RunnerTest1@3349e9bb]" started-at="2025-02-14T19:40:46 IST" name="runScenario" description="Runs Cucumber Scenarios" data-provider="scenarios" finished-at="2025-02-14T19:40:52 IST" duration-ms="5376" status="PASS">
          <params>
            <param index="0">
              <value>
                <![CDATA["validate home page functionality"]]>
              </value>
            </param>
            <param index="1">
              <value>
                <![CDATA["Test End to End Contact Page functionality"]]>
              </value>
            </param>
          </params>
          <reporter-output>
          </reporter-output>
        </test-method> <!-- runScenario -->
        <test-method signature="runScenario(io.cucumber.testng.PickleWrapper,io.cucumber.testng.FeatureWrapper)[pri:0, instance:runner.RunnerTest1@3349e9bb]" started-at="2025-02-14T19:40:52 IST" name="runScenario" description="Runs Cucumber Scenarios" data-provider="scenarios" finished-at="2025-02-14T19:41:03 IST" duration-ms="11739" status="PASS">
          <params>
            <param index="0">
              <value>
                <![CDATA["validate contact page create functionality"]]>
              </value>
            </param>
            <param index="1">
              <value>
                <![CDATA["Test End to End Contact Page functionality"]]>
              </value>
            </param>
          </params>
          <reporter-output>
          </reporter-output>
        </test-method> <!-- runScenario -->
        <test-method is-config="true" signature="tearDownClass()[pri:0, instance:runner.RunnerTest1@3349e9bb]" started-at="2025-02-14T19:41:03 IST" name="tearDownClass" finished-at="2025-02-14T19:41:04 IST" duration-ms="636" status="PASS">
          <reporter-output>
          </reporter-output>
        </test-method> <!-- tearDownClass -->
      </class> <!-- runner.RunnerTest1 -->
    </test> <!-- Test -->
  </suite> <!-- Suite -->
</testng-results>
